Info: Starting: Create block symbol file (.bsf)
Info: ip-generate --project-directory=C:/Users/musico/Documents/INFN/TOPEM/EndoProbe/AlteraDevelBoards/DK-DEV-A2GX125N_Eth/ --output-directory=C:/Users/musico/Documents/INFN/TOPEM/EndoProbe/AlteraDevelBoards/DK-DEV-A2GX125N_Eth/EthernetSystem/ --report-file=bsf:C:/Users/musico/Documents/INFN/TOPEM/EndoProbe/AlteraDevelBoards/DK-DEV-A2GX125N_Eth/EthernetSystem.bsf --system-info=DEVICE_FAMILY="Arria II GX" --system-info=DEVICE=EP2AGX125EF35C4 --system-info=DEVICE_SPEEDGRADE=4 --component-file=C:/Users/musico/Documents/INFN/TOPEM/EndoProbe/AlteraDevelBoards/DK-DEV-A2GX125N_Eth/EthernetSystem.qsys
Progress: Loading DK-DEV-A2GX125N_Eth/EthernetSystem.qsys
Progress: Reading input file
Progress: Adding clk_0 [clock_source 13.0]
Progress: Parameterizing module clk_0
Progress: Adding nios2_Processor [altera_nios2_qsys 13.0]
Progress: Parameterizing module nios2_Processor
Progress: Adding External_DDR3 [altmemddr3 13.0]
Progress: Parameterizing module External_DDR3
Progress: Adding Ethernet_MAC [altera_eth_tse 13.0]
Progress: Parameterizing module Ethernet_MAC
Progress: Adding LEDs [altera_avalon_pio 13.0.1.99.2]
Progress: Parameterizing module LEDs
Progress: Adding Switches [altera_avalon_pio 13.0.1.99.2]
Progress: Parameterizing module Switches
Progress: Adding Timer [altera_avalon_timer 13.0.1.99.2]
Progress: Parameterizing module Timer
Progress: Adding Descriptor_Memory [altera_avalon_onchip_memory2 13.0.1.99.2]
Progress: Parameterizing module Descriptor_Memory
Progress: Adding SysID [altera_avalon_sysid_qsys 13.0]
Progress: Parameterizing module SysID
Progress: Adding Jtag_UART [altera_avalon_jtag_uart 13.0.1.99.2]
Progress: Parameterizing module Jtag_UART
Progress: Adding sgdma_TX [altera_avalon_sgdma 13.0.1.99.2]
Progress: Parameterizing module sgdma_TX
Progress: Adding sgdma_RX [altera_avalon_sgdma 13.0.1.99.2]
Progress: Parameterizing module sgdma_RX
Progress: Building connections
Progress: Parameterizing connections
Progress: Validating
Progress: Done reading input file
Warning: EthernetSystem.nios2_Processor: The address range of the slaves connected to the Nios II instruction masters exceeds 28 bits. Attempts to call functions across 28-bit boundaries is not supported by GCC and will result in linker errors.
Info: EthernetSystem.External_DDR3: Arria II GX speed grade 4 does not support DDR3 SDRAM operation above 333.0MHz on the left or right I/O banks.  This design must be placed on the top or bottom I/O banks.
Info: EthernetSystem.External_DDR3: The PLL will be generated with Memory clock frequency 400,0 MHz and 24 phase steps per cycle
Info: EthernetSystem.Ethernet_MAC: To transition your existing Triple-Speed Ethernet (TSE) design to this new version of the user interface, refer to TSE user guide.
Altera recommends using this new TSE user interface for all new TSE designs.
Info: EthernetSystem.Switches: PIO inputs are not hardwired in test bench. Undefined values will be read from PIO inputs during simulation.
Info: EthernetSystem.SysID: System ID is not assigned automatically. Edit the System ID parameter to provide a unique ID
Info: EthernetSystem.SysID: Time stamp will be automatically updated when this component is generated.
Info: EthernetSystem.sgdma_TX.out/Ethernet_MAC.transmit: The sink has a error signal of 1 bits, but the source does not. Avalon Streaming Transform will be executed.
Info: EthernetSystem.Ethernet_MAC.receive/sgdma_RX.in: The source has a ready latency of 2, while the sink has 0. Avalon Streaming Transform will be executed.
Info: EthernetSystem.Ethernet_MAC.receive/sgdma_RX.in: The source has a error signal of 6 bits, but the sink does not. Avalon Streaming Transform will be executed.
Info: ip-generate succeeded.
Info: Finished: Create block symbol file (.bsf)
Info: 
Info: Starting: Create HDL design files for synthesis
Info: ip-generate --project-directory=C:/Users/musico/Documents/INFN/TOPEM/EndoProbe/AlteraDevelBoards/DK-DEV-A2GX125N_Eth/ --output-directory=C:/Users/musico/Documents/INFN/TOPEM/EndoProbe/AlteraDevelBoards/DK-DEV-A2GX125N_Eth/EthernetSystem/synthesis/ --file-set=QUARTUS_SYNTH --report-file=sopcinfo:C:/Users/musico/Documents/INFN/TOPEM/EndoProbe/AlteraDevelBoards/DK-DEV-A2GX125N_Eth/EthernetSystem.sopcinfo --report-file=html:C:/Users/musico/Documents/INFN/TOPEM/EndoProbe/AlteraDevelBoards/DK-DEV-A2GX125N_Eth/EthernetSystem.html --report-file=qip:C:/Users/musico/Documents/INFN/TOPEM/EndoProbe/AlteraDevelBoards/DK-DEV-A2GX125N_Eth/EthernetSystem/synthesis/EthernetSystem.qip --report-file=cmp:C:/Users/musico/Documents/INFN/TOPEM/EndoProbe/AlteraDevelBoards/DK-DEV-A2GX125N_Eth/EthernetSystem.cmp --report-file=svd --system-info=DEVICE_FAMILY="Arria II GX" --system-info=DEVICE=EP2AGX125EF35C4 --system-info=DEVICE_SPEEDGRADE=4 --component-file=C:/Users/musico/Documents/INFN/TOPEM/EndoProbe/AlteraDevelBoards/DK-DEV-A2GX125N_Eth/EthernetSystem.qsys --language=VERILOG
Progress: Loading DK-DEV-A2GX125N_Eth/EthernetSystem.qsys
Progress: Reading input file
Progress: Adding clk_0 [clock_source 13.0]
Progress: Parameterizing module clk_0
Progress: Adding nios2_Processor [altera_nios2_qsys 13.0]
Progress: Parameterizing module nios2_Processor
Progress: Adding External_DDR3 [altmemddr3 13.0]
Progress: Parameterizing module External_DDR3
Progress: Adding Ethernet_MAC [altera_eth_tse 13.0]
Progress: Parameterizing module Ethernet_MAC
Progress: Adding LEDs [altera_avalon_pio 13.0.1.99.2]
Progress: Parameterizing module LEDs
Progress: Adding Switches [altera_avalon_pio 13.0.1.99.2]
Progress: Parameterizing module Switches
Progress: Adding Timer [altera_avalon_timer 13.0.1.99.2]
Progress: Parameterizing module Timer
Progress: Adding Descriptor_Memory [altera_avalon_onchip_memory2 13.0.1.99.2]
Progress: Parameterizing module Descriptor_Memory
Progress: Adding SysID [altera_avalon_sysid_qsys 13.0]
Progress: Parameterizing module SysID
Progress: Adding Jtag_UART [altera_avalon_jtag_uart 13.0.1.99.2]
Progress: Parameterizing module Jtag_UART
Progress: Adding sgdma_TX [altera_avalon_sgdma 13.0.1.99.2]
Progress: Parameterizing module sgdma_TX
Progress: Adding sgdma_RX [altera_avalon_sgdma 13.0.1.99.2]
Progress: Parameterizing module sgdma_RX
Progress: Building connections
Progress: Parameterizing connections
Progress: Validating
Progress: Done reading input file
Warning: EthernetSystem.nios2_Processor: The address range of the slaves connected to the Nios II instruction masters exceeds 28 bits. Attempts to call functions across 28-bit boundaries is not supported by GCC and will result in linker errors.
Info: EthernetSystem.External_DDR3: Arria II GX speed grade 4 does not support DDR3 SDRAM operation above 333.0MHz on the left or right I/O banks.  This design must be placed on the top or bottom I/O banks.
Info: EthernetSystem.External_DDR3: The PLL will be generated with Memory clock frequency 400,0 MHz and 24 phase steps per cycle
Info: EthernetSystem.Ethernet_MAC: To transition your existing Triple-Speed Ethernet (TSE) design to this new version of the user interface, refer to TSE user guide.
Altera recommends using this new TSE user interface for all new TSE designs.
Info: EthernetSystem.Switches: PIO inputs are not hardwired in test bench. Undefined values will be read from PIO inputs during simulation.
Info: EthernetSystem.SysID: System ID is not assigned automatically. Edit the System ID parameter to provide a unique ID
Info: EthernetSystem.SysID: Time stamp will be automatically updated when this component is generated.
Info: EthernetSystem.sgdma_TX.out/Ethernet_MAC.transmit: The sink has a error signal of 1 bits, but the source does not. Avalon Streaming Transform will be executed.
Info: EthernetSystem.Ethernet_MAC.receive/sgdma_RX.in: The source has a ready latency of 2, while the sink has 0. Avalon Streaming Transform will be executed.
Info: EthernetSystem.Ethernet_MAC.receive/sgdma_RX.in: The source has a error signal of 6 bits, but the sink does not. Avalon Streaming Transform will be executed.
Info: EthernetSystem: Generating EthernetSystem "EthernetSystem" for QUARTUS_SYNTH
Info: pipeline_bridge_swap_transform: After transform: 12 modules, 76 connections
Info: No custom instruction connections, skipping transform 
Info: merlin_translator_transform: After transform: 31 modules, 169 connections
Info: merlin_domain_transform: After transform: 62 modules, 429 connections
Info: merlin_router_transform: After transform: 81 modules, 522 connections
Info: merlin_traffic_limiter_transform: After transform: 83 modules, 534 connections
Info: reset_adaptation_transform: After transform: 86 modules, 354 connections
Info: merlin_network_to_switch_transform: After transform: 123 modules, 432 connections
Info: merlin_width_transform: After transform: 125 modules, 438 connections
Info: limiter_update_transform: After transform: 125 modules, 440 connections
Info: merlin_mm_transform: After transform: 125 modules, 440 connections
Info: merlin_interrupt_mapper_transform: After transform: 126 modules, 443 connections
Info: avalon_st_adapter: Inserting error_adapter: error_adapter_0
Info: avalon_st_adapter_001: Inserting error_adapter: error_adapter_0
Info: avalon_st_adapter_001: Inserting timing_adapter: timing_adapter_0
Info: com_altera_sopcmodel_transforms_avalonst_AvalonStreamingTransform: After transform: 128 modules, 449 connections
Warning: EthernetSystem: "No matching role found for rst_controller:reset_out:reset_req (reset_req)"
Warning: EthernetSystem: "No matching role found for rst_controller:reset_out:reset_req (reset_req)"
Warning: EthernetSystem: "No matching role found for rst_controller:reset_out:reset_req (reset_req)"
Warning: EthernetSystem: "No matching role found for rst_controller:reset_out:reset_req (reset_req)"
Warning: EthernetSystem: "No matching role found for rst_controller:reset_out:reset_req (reset_req)"
Warning: EthernetSystem: "No matching role found for rst_controller:reset_out:reset_req (reset_req)"
Warning: EthernetSystem: "No matching role found for rst_controller:reset_out:reset_req (reset_req)"
Warning: EthernetSystem: "No matching role found for rst_controller:reset_out:reset_req (reset_req)"
Warning: EthernetSystem: "No matching role found for rst_controller:reset_out:reset_req (reset_req)"
Warning: EthernetSystem: "No matching role found for rst_controller:reset_out:reset_req (reset_req)"
Warning: EthernetSystem: "No matching role found for rst_controller:reset_out:reset_req (reset_req)"
Warning: EthernetSystem: "No matching role found for rst_controller:reset_out:reset_req (reset_req)"
Warning: EthernetSystem: "No matching role found for rst_controller:reset_out:reset_req (reset_req)"
Warning: EthernetSystem: "No matching role found for rst_controller:reset_out:reset_req (reset_req)"
Warning: EthernetSystem: "No matching role found for rst_controller:reset_out:reset_req (reset_req)"
Warning: EthernetSystem: "No matching role found for rst_controller:reset_out:reset_req (reset_req)"
Warning: EthernetSystem: "No matching role found for rst_controller:reset_out:reset_req (reset_req)"
Warning: EthernetSystem: "No matching role found for rst_controller:reset_out:reset_req (reset_req)"
Warning: EthernetSystem: "No matching role found for rst_controller:reset_out:reset_req (reset_req)"
Warning: EthernetSystem: "No matching role found for rst_controller:reset_out:reset_req (reset_req)"
Warning: EthernetSystem: "No matching role found for rst_controller:reset_out:reset_req (reset_req)"
Warning: EthernetSystem: "No matching role found for rst_controller:reset_out:reset_req (reset_req)"
Warning: EthernetSystem: "No matching role found for rst_controller:reset_out:reset_req (reset_req)"
Warning: EthernetSystem: "No matching role found for rst_controller:reset_out:reset_req (reset_req)"
Warning: EthernetSystem: "No matching role found for rst_controller:reset_out:reset_req (reset_req)"
Warning: EthernetSystem: "No matching role found for rst_controller:reset_out:reset_req (reset_req)"
Warning: EthernetSystem: "No matching role found for rst_controller:reset_out:reset_req (reset_req)"
Warning: EthernetSystem: "No matching role found for rst_controller:reset_out:reset_req (reset_req)"
Warning: EthernetSystem: "No matching role found for rst_controller:reset_out:reset_req (reset_req)"
Warning: EthernetSystem: "No matching role found for rst_controller:reset_out:reset_req (reset_req)"
Warning: EthernetSystem: "No matching role found for rst_controller:reset_out:reset_req (reset_req)"
Warning: EthernetSystem: "No matching role found for rst_controller:reset_out:reset_req (reset_req)"
Warning: EthernetSystem: "No matching role found for rst_controller:reset_out:reset_req (reset_req)"
Warning: EthernetSystem: "No matching role found for rst_controller:reset_out:reset_req (reset_req)"
Warning: EthernetSystem: "No matching role found for rst_controller:reset_out:reset_req (reset_req)"
Warning: EthernetSystem: "No matching role found for rst_controller:reset_out:reset_req (reset_req)"
Warning: EthernetSystem: "No matching role found for rst_controller:reset_out:reset_req (reset_req)"
Warning: EthernetSystem: "No matching role found for rst_controller:reset_out:reset_req (reset_req)"
Warning: EthernetSystem: "No matching role found for rst_controller:reset_out:reset_req (reset_req)"
Warning: EthernetSystem: "No matching role found for rst_controller:reset_out:reset_req (reset_req)"
Warning: EthernetSystem: "No matching role found for rst_controller:reset_out:reset_req (reset_req)"
Warning: EthernetSystem: "No matching role found for rst_controller:reset_out:reset_req (reset_req)"
Warning: EthernetSystem: "No matching role found for rst_controller:reset_out:reset_req (reset_req)"
Warning: EthernetSystem: "No matching role found for rst_controller:reset_out:reset_req (reset_req)"
Warning: EthernetSystem: "No matching role found for rst_controller:reset_out:reset_req (reset_req)"
Warning: EthernetSystem: "No matching role found for rst_controller:reset_out:reset_req (reset_req)"
Warning: EthernetSystem: "No matching role found for rst_controller:reset_out:reset_req (reset_req)"
Warning: EthernetSystem: "No matching role found for rst_controller:reset_out:reset_req (reset_req)"
Warning: EthernetSystem: "No matching role found for rst_controller:reset_out:reset_req (reset_req)"
Warning: EthernetSystem: "No matching role found for rst_controller:reset_out:reset_req (reset_req)"
Warning: EthernetSystem: "No matching role found for rst_controller:reset_out:reset_req (reset_req)"
Warning: EthernetSystem: "No matching role found for rst_controller:reset_out:reset_req (reset_req)"
Warning: EthernetSystem: "No matching role found for rst_controller:reset_out:reset_req (reset_req)"
Warning: EthernetSystem: "No matching role found for rst_controller:reset_out:reset_req (reset_req)"
Warning: EthernetSystem: "No matching role found for rst_controller:reset_out:reset_req (reset_req)"
Warning: EthernetSystem: "No matching role found for rst_controller:reset_out:reset_req (reset_req)"
Warning: EthernetSystem: "No matching role found for rst_controller:reset_out:reset_req (reset_req)"
Warning: EthernetSystem: "No matching role found for rst_controller:reset_out:reset_req (reset_req)"
Warning: EthernetSystem: "No matching role found for rst_controller:reset_out:reset_req (reset_req)"
Warning: EthernetSystem: "No matching role found for rst_controller:reset_out:reset_req (reset_req)"
Warning: EthernetSystem: "No matching role found for rst_controller:reset_out:reset_req (reset_req)"
Warning: EthernetSystem: "No matching role found for rst_controller:reset_out:reset_req (reset_req)"
Warning: EthernetSystem: "No matching role found for rst_controller:reset_out:reset_req (reset_req)"
Warning: EthernetSystem: "No matching role found for rst_controller:reset_out:reset_req (reset_req)"
Warning: EthernetSystem: "No matching role found for rst_controller:reset_out:reset_req (reset_req)"
Warning: EthernetSystem: "No matching role found for rst_controller:reset_out:reset_req (reset_req)"
Warning: EthernetSystem: "No matching role found for rst_controller:reset_out:reset_req (reset_req)"
Warning: EthernetSystem: "No matching role found for rst_controller:reset_out:reset_req (reset_req)"
Warning: EthernetSystem: "No matching role found for rst_controller:reset_out:reset_req (reset_req)"
Warning: EthernetSystem: "No matching role found for rst_controller:reset_out:reset_req (reset_req)"
Warning: EthernetSystem: "No matching role found for rst_controller:reset_out:reset_req (reset_req)"
Warning: EthernetSystem: "No matching role found for rst_controller:reset_out:reset_req (reset_req)"
Warning: EthernetSystem: "No matching role found for rst_controller:reset_out:reset_req (reset_req)"
Warning: EthernetSystem: "No matching role found for rst_controller:reset_out:reset_req (reset_req)"
Warning: EthernetSystem: "No matching role found for rst_controller:reset_out:reset_req (reset_req)"
Warning: EthernetSystem: "No matching role found for rst_controller:reset_out:reset_req (reset_req)"
Warning: EthernetSystem: "No matching role found for rst_controller:reset_out:reset_req (reset_req)"
Warning: EthernetSystem: "No matching role found for rst_controller:reset_out:reset_req (reset_req)"
Warning: EthernetSystem: "No matching role found for rst_controller:reset_out:reset_req (reset_req)"
Warning: EthernetSystem: "No matching role found for rst_controller:reset_out:reset_req (reset_req)"
Warning: EthernetSystem: "No matching role found for rst_controller:reset_out:reset_req (reset_req)"
Warning: EthernetSystem: "No matching role found for rst_controller:reset_out:reset_req (reset_req)"
Warning: EthernetSystem: "No matching role found for rst_controller:reset_out:reset_req (reset_req)"
Warning: EthernetSystem: "No matching role found for rst_controller:reset_out:reset_req (reset_req)"
Warning: EthernetSystem: "No matching role found for rst_controller:reset_out:reset_req (reset_req)"
Warning: EthernetSystem: "No matching role found for rst_controller:reset_out:reset_req (reset_req)"
Warning: EthernetSystem: "No matching role found for rst_controller:reset_out:reset_req (reset_req)"
Warning: EthernetSystem: "No matching role found for rst_controller:reset_out:reset_req (reset_req)"
Warning: EthernetSystem: "No matching role found for rst_controller:reset_out:reset_req (reset_req)"
Warning: EthernetSystem: "No matching role found for rst_controller:reset_out:reset_req (reset_req)"
Warning: EthernetSystem: "No matching role found for rst_controller:reset_out:reset_req (reset_req)"
Warning: EthernetSystem: "No matching role found for rst_controller:reset_out:reset_req (reset_req)"
Warning: EthernetSystem: "No matching role found for rst_controller:reset_out:reset_req (reset_req)"
Warning: EthernetSystem: "No matching role found for rst_controller:reset_out:reset_req (reset_req)"
Warning: EthernetSystem: "No matching role found for rst_controller:reset_out:reset_req (reset_req)"
Warning: EthernetSystem: "No matching role found for rst_controller:reset_out:reset_req (reset_req)"
Warning: EthernetSystem: "No matching role found for rst_controller:reset_out:reset_req (reset_req)"
Warning: EthernetSystem: "No matching role found for rst_controller:reset_out:reset_req (reset_req)"
Warning: EthernetSystem: "No matching role found for rst_controller:reset_out:reset_req (reset_req)"
Warning: EthernetSystem: "No matching role found for rst_controller:reset_out:reset_req (reset_req)"
Warning: EthernetSystem: "No matching role found for rst_controller:reset_out:reset_req (reset_req)"
Warning: EthernetSystem: "No matching role found for rst_controller:reset_out:reset_req (reset_req)"
Warning: EthernetSystem: "No matching role found for rst_controller:reset_out:reset_req (reset_req)"
Warning: EthernetSystem: "No matching role found for rst_controller:reset_out:reset_req (reset_req)"
Warning: EthernetSystem: "No matching role found for rst_controller:reset_out:reset_req (reset_req)"
Warning: EthernetSystem: "No matching role found for rst_controller:reset_out:reset_req (reset_req)"
Warning: EthernetSystem: "No matching role found for rst_controller:reset_out:reset_req (reset_req)"
Warning: EthernetSystem: "No matching role found for rst_controller:reset_out:reset_req (reset_req)"
Warning: EthernetSystem: "No matching role found for rst_controller:reset_out:reset_req (reset_req)"
Warning: EthernetSystem: "No matching role found for rst_controller:reset_out:reset_req (reset_req)"
Warning: EthernetSystem: "No matching role found for rst_controller:reset_out:reset_req (reset_req)"
Warning: EthernetSystem: "No matching role found for rst_controller:reset_out:reset_req (reset_req)"
Warning: EthernetSystem: "No matching role found for rst_controller:reset_out:reset_req (reset_req)"
Warning: EthernetSystem: "No matching role found for rst_controller:reset_out:reset_req (reset_req)"
Info: nios2_Processor: Starting RTL generation for module 'EthernetSystem_nios2_Processor'
Info: nios2_Processor:   Generation command is [exec C:/programs/altera/13.0sp1/quartus/../ip/altera/nios2_ip/altera_nios2/eperl.exe -I C:/programs/altera/13.0sp1/quartus/common/ip/altera/common/perl/5.8.3 -I C:/programs/altera/13.0sp1/quartus/sopc_builder/bin/europa -I C:/programs/altera/13.0sp1/quartus/sopc_builder/bin/perl_lib -I C:/programs/altera/13.0sp1/quartus/sopc_builder/bin -I C:/programs/altera/13.0sp1/quartus/../ip/altera/nios2_ip/altera_nios2/cpu_lib -I C:/programs/altera/13.0sp1/quartus/../ip/altera/nios2_ip/altera_nios2/nios_lib -I C:/programs/altera/13.0sp1/quartus/../ip/altera/nios2_ip/altera_nios2 -I C:/programs/altera/13.0sp1/quartus/../ip/altera/nios2_ip/altera_nios2 -- C:/programs/altera/13.0sp1/quartus/../ip/altera/nios2_ip/altera_nios2/generate_rtl.epl --name=EthernetSystem_nios2_Processor --dir=C:/Users/musico/AppData/Local/Temp/alt6121_1845582701850130544.dir/0001_nios2_Processor_gen/ --quartus_dir=C:/programs/altera/13.0sp1/quartus --verilog --config=C:/Users/musico/AppData/Local/Temp/alt6121_1845582701850130544.dir/0001_nios2_Processor_gen//EthernetSystem_nios2_Processor_processor_configuration.pl  --do_build_sim=0    --bogus  ]
Info: nios2_Processor: # 2014.02.20 08:55:32 (*) Starting Nios II generation
Info: nios2_Processor: # 2014.02.20 08:55:32 (*)   Checking for plaintext license.
Info: nios2_Processor: # 2014.02.20 08:55:32 (*)   Plaintext license not found.
Info: nios2_Processor: # 2014.02.20 08:55:32 (*)   Checking for encrypted license (non-evaluation).
Info: nios2_Processor: # 2014.02.20 08:55:33 (*)   Encrypted license found.  SOF will not be time-limited.
Info: nios2_Processor: # 2014.02.20 08:55:33 (*)   Elaborating CPU configuration settings
Info: nios2_Processor: # 2014.02.20 08:55:33 (*)   Creating all objects for CPU
Info: nios2_Processor: # 2014.02.20 08:55:33 (*)     Testbench
Info: nios2_Processor: # 2014.02.20 08:55:33 (*)     Instruction decoding
Info: nios2_Processor: # 2014.02.20 08:55:33 (*)       Instruction fields
Info: nios2_Processor: # 2014.02.20 08:55:33 (*)       Instruction decodes
Info: nios2_Processor: # 2014.02.20 08:55:33 (*)       Signals for RTL simulation waveforms
Info: nios2_Processor: # 2014.02.20 08:55:33 (*)       Instruction controls
Info: nios2_Processor: # 2014.02.20 08:55:33 (*)     Pipeline frontend
Info: nios2_Processor: # 2014.02.20 08:55:34 (*)     Pipeline backend
Info: nios2_Processor: # 2014.02.20 08:55:36 (*)   Generating RTL from CPU objects
Info: nios2_Processor: # 2014.02.20 08:55:38 (*)   Creating encrypted RTL
Info: nios2_Processor: # 2014.02.20 08:55:40 (*) Done Nios II generation
Info: nios2_Processor: Done RTL generation for module 'EthernetSystem_nios2_Processor'
Info: nios2_Processor: "EthernetSystem" instantiated altera_nios2_qsys "nios2_Processor"
Info: Generating the Example Design.
Info: Generating the Pin Planner file.
Info: Generating the Synopsys Design Constraints file for the example top level.
Info: Generating the Synopsys Design Constraints file.
Info: Generating the Timing Report script.
Info: Generating the ALTPLL Megafunction instance.
Info: Generating the ALTMEMPHY Megafunction instance.
Info: Before compiling your variation in Quartus II, you should follow these steps:
Info: - Enable TimeQuest under Settings, Timing Analysis Settings.
Info: - Add the EthernetSystem_External_DDR3_phy_ddr_timing.sdc file to your Quartus II project.
Info: - Add I/O Standard assignments by running the EthernetSystem_External_DDR3_pin_assignments.tcl script.
Info: - Set the Default I/O standard to match the memory interface I/O standard setting.
Info: - Turn on Optimize multi-corner timing in the Quartus II Fitter Settings.
Info: - Please make sure that address/command pins are placed on the same edge as the CK/CK# pins.
Info: - Set the top level entity of the project to EthernetSystem_External_DDR3_example_top.
Info: See the User Guide for more details.
Info: External_DDR3: "EthernetSystem" instantiated altmemddr3 "External_DDR3"
Info: pipeline_bridge_swap_transform: After transform: 1 modules, 0 connections
Info: No custom instruction connections, skipping transform 
Info: No Avalon connections, skipping transform 
Info: merlin_translator_transform: After transform: 1 modules, 0 connections
Info: Ethernet_MAC: "EthernetSystem" instantiated altera_eth_tse "Ethernet_MAC"
Info: LEDs: Starting RTL generation for module 'EthernetSystem_LEDs'
Info: LEDs:   Generation command is [exec C:/programs/altera/13.0sp1/quartus/bin/perl/bin/perl.exe -I C:/programs/altera/13.0sp1/quartus/common/ip/altera/common/perl/5.8.3 -I C:/programs/altera/13.0sp1/quartus/sopc_builder/bin/europa -I C:/programs/altera/13.0sp1/quartus/sopc_builder/bin/perl_lib -I C:/programs/altera/13.0sp1/quartus/sopc_builder/bin -I C:/programs/altera/13.0sp1/quartus/../ip/altera/sopc_builder_ip/common -I C:/programs/altera/13.0sp1/quartus/../ip/altera/sopc_builder_ip/altera_avalon_pio -- C:/programs/altera/13.0sp1/quartus/../ip/altera/sopc_builder_ip/altera_avalon_pio/generate_rtl.pl --name=EthernetSystem_LEDs --dir=C:/Users/musico/AppData/Local/Temp/alt6121_1845582701850130544.dir/0003_LEDs_gen/ --quartus_dir=C:/programs/altera/13.0sp1/quartus --verilog --config=C:/Users/musico/AppData/Local/Temp/alt6121_1845582701850130544.dir/0003_LEDs_gen//EthernetSystem_LEDs_component_configuration.pl  --do_build_sim=0  ]
Info: LEDs: Done RTL generation for module 'EthernetSystem_LEDs'
Info: LEDs: "EthernetSystem" instantiated altera_avalon_pio "LEDs"
Info: Switches: Starting RTL generation for module 'EthernetSystem_Switches'
Info: Switches:   Generation command is [exec C:/programs/altera/13.0sp1/quartus/bin/perl/bin/perl.exe -I C:/programs/altera/13.0sp1/quartus/common/ip/altera/common/perl/5.8.3 -I C:/programs/altera/13.0sp1/quartus/sopc_builder/bin/europa -I C:/programs/altera/13.0sp1/quartus/sopc_builder/bin/perl_lib -I C:/programs/altera/13.0sp1/quartus/sopc_builder/bin -I C:/programs/altera/13.0sp1/quartus/../ip/altera/sopc_builder_ip/common -I C:/programs/altera/13.0sp1/quartus/../ip/altera/sopc_builder_ip/altera_avalon_pio -- C:/programs/altera/13.0sp1/quartus/../ip/altera/sopc_builder_ip/altera_avalon_pio/generate_rtl.pl --name=EthernetSystem_Switches --dir=C:/Users/musico/AppData/Local/Temp/alt6121_1845582701850130544.dir/0004_Switches_gen/ --quartus_dir=C:/programs/altera/13.0sp1/quartus --verilog --config=C:/Users/musico/AppData/Local/Temp/alt6121_1845582701850130544.dir/0004_Switches_gen//EthernetSystem_Switches_component_configuration.pl  --do_build_sim=0  ]
Info: Switches: Done RTL generation for module 'EthernetSystem_Switches'
Info: Switches: "EthernetSystem" instantiated altera_avalon_pio "Switches"
Info: Timer: Starting RTL generation for module 'EthernetSystem_Timer'
Info: Timer:   Generation command is [exec C:/programs/altera/13.0sp1/quartus/bin/perl/bin/perl.exe -I C:/programs/altera/13.0sp1/quartus/common/ip/altera/common/perl/5.8.3 -I C:/programs/altera/13.0sp1/quartus/sopc_builder/bin/europa -I C:/programs/altera/13.0sp1/quartus/sopc_builder/bin/perl_lib -I C:/programs/altera/13.0sp1/quartus/sopc_builder/bin -I C:/programs/altera/13.0sp1/quartus/../ip/altera/sopc_builder_ip/common -I C:/programs/altera/13.0sp1/quartus/../ip/altera/sopc_builder_ip/altera_avalon_timer -- C:/programs/altera/13.0sp1/quartus/../ip/altera/sopc_builder_ip/altera_avalon_timer/generate_rtl.pl --name=EthernetSystem_Timer --dir=C:/Users/musico/AppData/Local/Temp/alt6121_1845582701850130544.dir/0005_Timer_gen/ --quartus_dir=C:/programs/altera/13.0sp1/quartus --verilog --config=C:/Users/musico/AppData/Local/Temp/alt6121_1845582701850130544.dir/0005_Timer_gen//EthernetSystem_Timer_component_configuration.pl  --do_build_sim=0  ]
Info: Timer: Done RTL generation for module 'EthernetSystem_Timer'
Info: Timer: "EthernetSystem" instantiated altera_avalon_timer "Timer"
Info: Descriptor_Memory: Starting RTL generation for module 'EthernetSystem_Descriptor_Memory'
Info: Descriptor_Memory:   Generation command is [exec C:/programs/altera/13.0sp1/quartus/bin/perl/bin/perl.exe -I C:/programs/altera/13.0sp1/quartus/common/ip/altera/common/perl/5.8.3 -I C:/programs/altera/13.0sp1/quartus/sopc_builder/bin/europa -I C:/programs/altera/13.0sp1/quartus/sopc_builder/bin/perl_lib -I C:/programs/altera/13.0sp1/quartus/sopc_builder/bin -I C:/programs/altera/13.0sp1/quartus/../ip/altera/sopc_builder_ip/common -I C:/programs/altera/13.0sp1/quartus/../ip/altera/sopc_builder_ip/altera_avalon_onchip_memory2 -- C:/programs/altera/13.0sp1/quartus/../ip/altera/sopc_builder_ip/altera_avalon_onchip_memory2/generate_rtl.pl --name=EthernetSystem_Descriptor_Memory --dir=C:/Users/musico/AppData/Local/Temp/alt6121_1845582701850130544.dir/0006_Descriptor_Memory_gen/ --quartus_dir=C:/programs/altera/13.0sp1/quartus --verilog --config=C:/Users/musico/AppData/Local/Temp/alt6121_1845582701850130544.dir/0006_Descriptor_Memory_gen//EthernetSystem_Descriptor_Memory_component_configuration.pl  --do_build_sim=0  ]
Info: Descriptor_Memory: Done RTL generation for module 'EthernetSystem_Descriptor_Memory'
Info: Descriptor_Memory: "EthernetSystem" instantiated altera_avalon_onchip_memory2 "Descriptor_Memory"
Info: SysID: "EthernetSystem" instantiated altera_avalon_sysid_qsys "SysID"
Info: Jtag_UART: Starting RTL generation for module 'EthernetSystem_Jtag_UART'
Info: Jtag_UART:   Generation command is [exec C:/programs/altera/13.0sp1/quartus/bin/perl/bin/perl.exe -I C:/programs/altera/13.0sp1/quartus/common/ip/altera/common/perl/5.8.3 -I C:/programs/altera/13.0sp1/quartus/sopc_builder/bin/europa -I C:/programs/altera/13.0sp1/quartus/sopc_builder/bin/perl_lib -I C:/programs/altera/13.0sp1/quartus/sopc_builder/bin -I C:/programs/altera/13.0sp1/quartus/../ip/altera/sopc_builder_ip/common -I C:/programs/altera/13.0sp1/quartus/../ip/altera/sopc_builder_ip/altera_avalon_jtag_uart -- C:/programs/altera/13.0sp1/quartus/../ip/altera/sopc_builder_ip/altera_avalon_jtag_uart/generate_rtl.pl --name=EthernetSystem_Jtag_UART --dir=C:/Users/musico/AppData/Local/Temp/alt6121_1845582701850130544.dir/0008_Jtag_UART_gen/ --quartus_dir=C:/programs/altera/13.0sp1/quartus --verilog --config=C:/Users/musico/AppData/Local/Temp/alt6121_1845582701850130544.dir/0008_Jtag_UART_gen//EthernetSystem_Jtag_UART_component_configuration.pl  --do_build_sim=0  ]
Info: Jtag_UART: Done RTL generation for module 'EthernetSystem_Jtag_UART'
Info: Jtag_UART: "EthernetSystem" instantiated altera_avalon_jtag_uart "Jtag_UART"
Info: sgdma_TX: Starting RTL generation for module 'EthernetSystem_sgdma_TX'
Info: sgdma_TX:   Generation command is [exec C:/programs/altera/13.0sp1/quartus/bin/perl/bin/perl.exe -I C:/programs/altera/13.0sp1/quartus/common/ip/altera/common/perl/5.8.3 -I C:/programs/altera/13.0sp1/quartus/sopc_builder/bin/europa -I C:/programs/altera/13.0sp1/quartus/sopc_builder/bin/perl_lib -I C:/programs/altera/13.0sp1/quartus/sopc_builder/bin -I C:/programs/altera/13.0sp1/quartus/../ip/altera/sopc_builder_ip/common -I C:/programs/altera/13.0sp1/quartus/../ip/altera/sopc_builder_ip/altera_avalon_sgdma -- C:/programs/altera/13.0sp1/quartus/../ip/altera/sopc_builder_ip/altera_avalon_sgdma/generate_rtl.pl --name=EthernetSystem_sgdma_TX --dir=C:/Users/musico/AppData/Local/Temp/alt6121_1845582701850130544.dir/0009_sgdma_TX_gen/ --quartus_dir=C:/programs/altera/13.0sp1/quartus --verilog --config=C:/Users/musico/AppData/Local/Temp/alt6121_1845582701850130544.dir/0009_sgdma_TX_gen//EthernetSystem_sgdma_TX_component_configuration.pl  --do_build_sim=0  ]
Info: sgdma_TX: Done RTL generation for module 'EthernetSystem_sgdma_TX'
Info: sgdma_TX: "EthernetSystem" instantiated altera_avalon_sgdma "sgdma_TX"
Info: sgdma_RX: Starting RTL generation for module 'EthernetSystem_sgdma_RX'
Info: sgdma_RX:   Generation command is [exec C:/programs/altera/13.0sp1/quartus/bin/perl/bin/perl.exe -I C:/programs/altera/13.0sp1/quartus/common/ip/altera/common/perl/5.8.3 -I C:/programs/altera/13.0sp1/quartus/sopc_builder/bin/europa -I C:/programs/altera/13.0sp1/quartus/sopc_builder/bin/perl_lib -I C:/programs/altera/13.0sp1/quartus/sopc_builder/bin -I C:/programs/altera/13.0sp1/quartus/../ip/altera/sopc_builder_ip/common -I C:/programs/altera/13.0sp1/quartus/../ip/altera/sopc_builder_ip/altera_avalon_sgdma -- C:/programs/altera/13.0sp1/quartus/../ip/altera/sopc_builder_ip/altera_avalon_sgdma/generate_rtl.pl --name=EthernetSystem_sgdma_RX --dir=C:/Users/musico/AppData/Local/Temp/alt6121_1845582701850130544.dir/0010_sgdma_RX_gen/ --quartus_dir=C:/programs/altera/13.0sp1/quartus --verilog --config=C:/Users/musico/AppData/Local/Temp/alt6121_1845582701850130544.dir/0010_sgdma_RX_gen//EthernetSystem_sgdma_RX_component_configuration.pl  --do_build_sim=0  ]
Info: sgdma_RX: Done RTL generation for module 'EthernetSystem_sgdma_RX'
Info: sgdma_RX: "EthernetSystem" instantiated altera_avalon_sgdma "sgdma_RX"
Info: nios2_Processor_instruction_master_translator: "EthernetSystem" instantiated altera_merlin_master_translator "nios2_Processor_instruction_master_translator"
Info: nios2_Processor_jtag_debug_module_translator: "EthernetSystem" instantiated altera_merlin_slave_translator "nios2_Processor_jtag_debug_module_translator"
Info: nios2_Processor_instruction_master_translator_avalon_universal_master_0_agent: "EthernetSystem" instantiated altera_merlin_master_agent "nios2_Processor_instruction_master_translator_avalon_universal_master_0_agent"
Info: nios2_Processor_jtag_debug_module_translator_avalon_universal_slave_0_agent: "EthernetSystem" instantiated altera_merlin_slave_agent "nios2_Processor_jtag_debug_module_translator_avalon_universal_slave_0_agent"
Info: nios2_Processor_jtag_debug_module_translator_avalon_universal_slave_0_agent_rsp_fifo: "EthernetSystem" instantiated altera_avalon_sc_fifo "nios2_Processor_jtag_debug_module_translator_avalon_universal_slave_0_agent_rsp_fifo"
Info: addr_router: "EthernetSystem" instantiated altera_merlin_router "addr_router"
Info: addr_router_001: "EthernetSystem" instantiated altera_merlin_router "addr_router_001"
Info: addr_router_002: "EthernetSystem" instantiated altera_merlin_router "addr_router_002"
Info: addr_router_004: "EthernetSystem" instantiated altera_merlin_router "addr_router_004"
Info: id_router: "EthernetSystem" instantiated altera_merlin_router "id_router"
Info: id_router_001: "EthernetSystem" instantiated altera_merlin_router "id_router_001"
Info: id_router_002: "EthernetSystem" instantiated altera_merlin_router "id_router_002"
Info: id_router_003: "EthernetSystem" instantiated altera_merlin_router "id_router_003"
Info: limiter: "EthernetSystem" instantiated altera_merlin_traffic_limiter "limiter"
Info: rst_controller: "EthernetSystem" instantiated altera_reset_controller "rst_controller"
Info: cmd_xbar_demux: "EthernetSystem" instantiated altera_merlin_demultiplexer "cmd_xbar_demux"
Info: cmd_xbar_demux_001: "EthernetSystem" instantiated altera_merlin_demultiplexer "cmd_xbar_demux_001"
Info: cmd_xbar_demux_002: "EthernetSystem" instantiated altera_merlin_demultiplexer "cmd_xbar_demux_002"
Info: cmd_xbar_mux: "EthernetSystem" instantiated altera_merlin_multiplexer "cmd_xbar_mux"
Info: cmd_xbar_mux_001: "EthernetSystem" instantiated altera_merlin_multiplexer "cmd_xbar_mux_001"
Info: Reusing file C:/Users/musico/Documents/INFN/TOPEM/EndoProbe/AlteraDevelBoards/DK-DEV-A2GX125N_Eth/EthernetSystem/synthesis/submodules/altera_merlin_arbitrator.sv
Info: cmd_xbar_mux_002: "EthernetSystem" instantiated altera_merlin_multiplexer "cmd_xbar_mux_002"
Info: Reusing file C:/Users/musico/Documents/INFN/TOPEM/EndoProbe/AlteraDevelBoards/DK-DEV-A2GX125N_Eth/EthernetSystem/synthesis/submodules/altera_merlin_arbitrator.sv
Info: rsp_xbar_demux: "EthernetSystem" instantiated altera_merlin_demultiplexer "rsp_xbar_demux"
Info: rsp_xbar_demux_001: "EthernetSystem" instantiated altera_merlin_demultiplexer "rsp_xbar_demux_001"
Info: rsp_xbar_demux_002: "EthernetSystem" instantiated altera_merlin_demultiplexer "rsp_xbar_demux_002"
Info: rsp_xbar_mux: "EthernetSystem" instantiated altera_merlin_multiplexer "rsp_xbar_mux"
Info: Reusing file C:/Users/musico/Documents/INFN/TOPEM/EndoProbe/AlteraDevelBoards/DK-DEV-A2GX125N_Eth/EthernetSystem/synthesis/submodules/altera_merlin_arbitrator.sv
Info: rsp_xbar_mux_001: "EthernetSystem" instantiated altera_merlin_multiplexer "rsp_xbar_mux_001"
Info: Reusing file C:/Users/musico/Documents/INFN/TOPEM/EndoProbe/AlteraDevelBoards/DK-DEV-A2GX125N_Eth/EthernetSystem/synthesis/submodules/altera_merlin_arbitrator.sv
Info: width_adapter: "EthernetSystem" instantiated altera_merlin_width_adapter "width_adapter"
Info: Reusing file C:/Users/musico/Documents/INFN/TOPEM/EndoProbe/AlteraDevelBoards/DK-DEV-A2GX125N_Eth/EthernetSystem/synthesis/submodules/altera_merlin_burst_uncompressor.sv
Info: irq_mapper: "EthernetSystem" instantiated altera_irq_mapper "irq_mapper"
Info: pipeline_bridge_swap_transform: After transform: 3 modules, 3 connections
Info: No custom instruction connections, skipping transform 
Info: No Avalon connections, skipping transform 
Info: merlin_translator_transform: After transform: 3 modules, 3 connections
Info: avalon_st_adapter: "EthernetSystem" instantiated altera_avalon_st_adapter "avalon_st_adapter"
Info: pipeline_bridge_swap_transform: After transform: 4 modules, 6 connections
Info: No custom instruction connections, skipping transform 
Info: No Avalon connections, skipping transform 
Info: merlin_translator_transform: After transform: 4 modules, 6 connections
Info: avalon_st_adapter_001: "EthernetSystem" instantiated altera_avalon_st_adapter "avalon_st_adapter_001"
Info: i_tse_mac: "Ethernet_MAC" instantiated altera_eth_tse_mac "i_tse_mac"
Info: error_adapter_0: Starting generation. 
Info: error_adapter_0: "avalon_st_adapter" instantiated error_adapter "error_adapter_0"
Info: error_adapter_0: Starting generation. 
Info: error_adapter_0: "avalon_st_adapter_001" instantiated error_adapter "error_adapter_0"
Info: timing_adapter_0: Starting generation. 
Info: timing_adapter_0_fifo: Starting generation. 
Info: timing_adapter_0: "avalon_st_adapter_001" instantiated timing_adapter "timing_adapter_0"
Info: EthernetSystem: Done EthernetSystem" with 46 modules, 304 files, 8419590 bytes
Info: ip-generate succeeded.
Info: Finished: Create HDL design files for synthesis
