
**** Build of configuration Nios II for project HelloWorld ****

make all 
Info: Building ../HelloWorld_bsp/
make --no-print-directory -C ../HelloWorld_bsp/
[BSP build complete]
Info: Linking HelloWorld.elf
nios2-elf-g++  -T'../HelloWorld_bsp//linker.x' -msys-crt0='../HelloWorld_bsp//obj/HAL/src/crt0.o' -msys-lib=hal_bsp -L../HelloWorld_bsp/   -Wl,-Map=HelloWorld.map   -O0 -g -Wall   -EL -mhw-div -mhw-mul -mhw-mulx  -o HelloWorld.elf obj/default/hello_world.o -lm 
nios2-elf-insert HelloWorld.elf --thread_model hal --cpu_name cpu --qsys true --simulation_enabled false --id 0 --sidp 0x80000b0 --timestamp 1393927477 --stderr_dev jtag_uart --stdin_dev jtag_uart --stdout_dev jtag_uart --sopc_system_name EthernetSystem --quartus_project_dir "C:/Users/musico/Documents/INFN/TOPEM/EndoProbe/AlteraDevelBoards/DK-DEV-A2GX125N_Eth" --sopcinfo C:/Users/musico/Documents/INFN/TOPEM/EndoProbe/AlteraDevelBoards/DK-DEV-A2GX125N_Eth/EthernetSystem.sopcinfo
perl: warning: Setting locale failed.
perl: warning: Please check that your locale settings:
	LC_ALL = (unset),
	LANG = "IT"
    are supported and installed on your system.
perl: warning: Falling back to the standard locale ("C").
Info: (HelloWorld.elf) 49 KBytes program size (code + initialized data).
Info:                  461 KBytes free for stack + heap.
Info: Creating HelloWorld.objdump
nios2-elf-objdump --disassemble --syms --all-header --source HelloWorld.elf >HelloWorld.objdump
[HelloWorld build complete]

**** Build Finished ****
