Flow report for EthernetBoard
Thu Sep 29 11:40:12 2016
Quartus II 64-Bit Version 13.0.1 Build 232 06/12/2013 Service Pack 1 SJ Full Version


---------------------
; Table of Contents ;
---------------------
  1. Legal Notice
  2. Flow Summary
  3. Flow Settings
  4. Flow Non-Default Global Settings
  5. Flow Elapsed Time
  6. Flow OS Summary
  7. Flow Log
  8. Flow Messages
  9. Flow Suppressed Messages



----------------
; Legal Notice ;
----------------
Copyright (C) 1991-2013 Altera Corporation
Your use of Altera Corporation's design tools, logic functions 
and other software and tools, and its AMPP partner logic 
functions, and any output files from any of the foregoing 
(including device programming or simulation files), and any 
associated documentation or information are expressly subject 
to the terms and conditions of the Altera Program License 
Subscription Agreement, Altera MegaCore Function License 
Agreement, or other applicable license agreement, including, 
without limitation, that your use is for the sole purpose of 
programming logic devices manufactured by Altera and sold by 
Altera or its authorized distributors.  Please refer to the 
applicable agreement for further details.



+--------------------------------------------------------------------------------------+
; Flow Summary                                                                         ;
+-----------------------------------+--------------------------------------------------+
; Flow Status                       ; Successful - Thu Sep 29 11:39:36 2016            ;
; Quartus II 64-Bit Version         ; 13.0.1 Build 232 06/12/2013 SP 1 SJ Full Version ;
; Revision Name                     ; EthernetBoard                                    ;
; Top-level Entity Name             ; EthernetBoard                                    ;
; Family                            ; Arria II GX                                      ;
; Device                            ; EP2AGX125EF35C4                                  ;
; Timing Models                     ; Final                                            ;
; Logic utilization                 ; 16 %                                             ;
;     Combinational ALUTs           ; 11,060 / 99,280 ( 11 % )                         ;
;     Memory ALUTs                  ; 9 / 49,640 ( < 1 % )                             ;
;     Dedicated logic registers     ; 11,908 / 99,280 ( 12 % )                         ;
; Total registers                   ; 11930                                            ;
; Total pins                        ; 239 / 512 ( 47 % )                               ;
; Total virtual pins                ; 0                                                ;
; Total block memory bits           ; 5,383,612 / 6,727,680 ( 80 % )                   ;
; DSP block 18-bit elements         ; 4 / 576 ( < 1 % )                                ;
; Total GXB Receiver Channel PCS    ; 0 / 12 ( 0 % )                                   ;
; Total GXB Receiver Channel PMA    ; 0 / 12 ( 0 % )                                   ;
; Total GXB Transmitter Channel PCS ; 0 / 12 ( 0 % )                                   ;
; Total GXB Transmitter Channel PMA ; 0 / 12 ( 0 % )                                   ;
; Total PLLs                        ; 2 / 6 ( 33 % )                                   ;
; Total DLLs                        ; 0 / 2 ( 0 % )                                    ;
+-----------------------------------+--------------------------------------------------+


+-----------------------------------------+
; Flow Settings                           ;
+-------------------+---------------------+
; Option            ; Setting             ;
+-------------------+---------------------+
; Start date & time ; 09/28/2016 15:28:55 ;
; Main task         ; Compilation         ;
; Revision Name     ; EthernetBoard       ;
+-------------------+---------------------+


+-------------------------------------------------------------------------------------------------------------------------------------------------------------------------------------------------------------------------------------------------------------+
; Flow Non-Default Global Settings                                                                                                                                                                                                                            ;
+-----------------------------------------+-------------------------------------------------------------------------------------------------------------+--------------------+-------------------------------------------------------------+------------------+
; Assignment Name                         ; Value                                                                                                       ; Default Value      ; Entity Name                                                 ; Section Id       ;
+-----------------------------------------+-------------------------------------------------------------------------------------------------------------+--------------------+-------------------------------------------------------------+------------------+
; ADV_NETLIST_OPT_SYNTH_WYSIWYG_REMAP     ; On                                                                                                          ; Off                ; --                                                          ; --               ;
; COMPILER_SIGNATURE_ID                   ; 157220082348.147506933509260                                                                                ; --                 ; --                                                          ; --               ;
; ENABLE_SIGNALTAP                        ; On                                                                                                          ; --                 ; --                                                          ; --               ;
; FITTER_EFFORT                           ; Standard Fit                                                                                                ; Auto Fit           ; --                                                          ; --               ;
; IP_TOOL_ENV                             ; Qsys                                                                                                        ; --                 ; EthernetSystem                                              ; --               ;
; IP_TOOL_ENV                             ; Qsys                                                                                                        ; --                 ; EthernetSystem_addr_router                                  ; --               ;
; IP_TOOL_ENV                             ; Qsys                                                                                                        ; --                 ; EthernetSystem_addr_router_001                              ; --               ;
; IP_TOOL_ENV                             ; Qsys                                                                                                        ; --                 ; EthernetSystem_addr_router_002                              ; --               ;
; IP_TOOL_ENV                             ; Qsys                                                                                                        ; --                 ; EthernetSystem_addr_router_006                              ; --               ;
; IP_TOOL_ENV                             ; Qsys                                                                                                        ; --                 ; EthernetSystem_addr_router_008                              ; --               ;
; IP_TOOL_ENV                             ; Qsys                                                                                                        ; --                 ; EthernetSystem_avalon_st_adapter                            ; --               ;
; IP_TOOL_ENV                             ; Qsys                                                                                                        ; --                 ; EthernetSystem_avalon_st_adapter_timing_adapter_0           ; --               ;
; IP_TOOL_ENV                             ; Qsys                                                                                                        ; --                 ; EthernetSystem_button_pio                                   ; --               ;
; IP_TOOL_ENV                             ; Qsys                                                                                                        ; --                 ; EthernetSystem_cmd_xbar_demux                               ; --               ;
; IP_TOOL_ENV                             ; Qsys                                                                                                        ; --                 ; EthernetSystem_cmd_xbar_demux_001                           ; --               ;
; IP_TOOL_ENV                             ; Qsys                                                                                                        ; --                 ; EthernetSystem_cmd_xbar_demux_002                           ; --               ;
; IP_TOOL_ENV                             ; Qsys                                                                                                        ; --                 ; EthernetSystem_cmd_xbar_demux_008                           ; --               ;
; IP_TOOL_ENV                             ; Qsys                                                                                                        ; --                 ; EthernetSystem_cmd_xbar_mux                                 ; --               ;
; IP_TOOL_ENV                             ; Qsys                                                                                                        ; --                 ; EthernetSystem_cmd_xbar_mux_003                             ; --               ;
; IP_TOOL_ENV                             ; Qsys                                                                                                        ; --                 ; EthernetSystem_cmd_xbar_mux_004                             ; --               ;
; IP_TOOL_ENV                             ; Qsys                                                                                                        ; --                 ; EthernetSystem_cpu                                          ; --               ;
; IP_TOOL_ENV                             ; Qsys                                                                                                        ; --                 ; EthernetSystem_descriptor_memory                            ; --               ;
; IP_TOOL_ENV                             ; Qsys                                                                                                        ; --                 ; EthernetSystem_ext_flash                                    ; --               ;
; IP_TOOL_ENV                             ; Qsys                                                                                                        ; --                 ; EthernetSystem_flash_tristate_bridge_bridge_0               ; --               ;
; IP_TOOL_ENV                             ; Qsys                                                                                                        ; --                 ; EthernetSystem_flash_tristate_bridge_pinSharer_0            ; --               ;
; IP_TOOL_ENV                             ; Qsys                                                                                                        ; --                 ; EthernetSystem_flash_tristate_bridge_pinSharer_0_arbiter    ; --               ;
; IP_TOOL_ENV                             ; Qsys                                                                                                        ; --                 ; EthernetSystem_flash_tristate_bridge_pinSharer_0_pin_sharer ; --               ;
; IP_TOOL_ENV                             ; Qsys                                                                                                        ; --                 ; EthernetSystem_high_res_timer                               ; --               ;
; IP_TOOL_ENV                             ; Qsys                                                                                                        ; --                 ; EthernetSystem_id_router                                    ; --               ;
; IP_TOOL_ENV                             ; Qsys                                                                                                        ; --                 ; EthernetSystem_id_router_001                                ; --               ;
; IP_TOOL_ENV                             ; Qsys                                                                                                        ; --                 ; EthernetSystem_id_router_003                                ; --               ;
; IP_TOOL_ENV                             ; Qsys                                                                                                        ; --                 ; EthernetSystem_id_router_004                                ; --               ;
; IP_TOOL_ENV                             ; Qsys                                                                                                        ; --                 ; EthernetSystem_id_router_005                                ; --               ;
; IP_TOOL_ENV                             ; Qsys                                                                                                        ; --                 ; EthernetSystem_id_router_010                                ; --               ;
; IP_TOOL_ENV                             ; Qsys                                                                                                        ; --                 ; EthernetSystem_irq_mapper                                   ; --               ;
; IP_TOOL_ENV                             ; Qsys                                                                                                        ; --                 ; EthernetSystem_jtag_uart                                    ; --               ;
; IP_TOOL_ENV                             ; Qsys                                                                                                        ; --                 ; EthernetSystem_lcd                                          ; --               ;
; IP_TOOL_ENV                             ; Qsys                                                                                                        ; --                 ; EthernetSystem_led_pio                                      ; --               ;
; IP_TOOL_ENV                             ; Qsys                                                                                                        ; --                 ; EthernetSystem_maxII_interface                              ; --               ;
; IP_TOOL_ENV                             ; Qsys                                                                                                        ; --                 ; EthernetSystem_onchip_SRAM                                  ; --               ;
; IP_TOOL_ENV                             ; Qsys                                                                                                        ; --                 ; EthernetSystem_performance_counter                          ; --               ;
; IP_TOOL_ENV                             ; Qsys                                                                                                        ; --                 ; EthernetSystem_rsp_xbar_demux                               ; --               ;
; IP_TOOL_ENV                             ; Qsys                                                                                                        ; --                 ; EthernetSystem_rsp_xbar_demux_003                           ; --               ;
; IP_TOOL_ENV                             ; Qsys                                                                                                        ; --                 ; EthernetSystem_rsp_xbar_demux_004                           ; --               ;
; IP_TOOL_ENV                             ; Qsys                                                                                                        ; --                 ; EthernetSystem_rsp_xbar_demux_010                           ; --               ;
; IP_TOOL_ENV                             ; Qsys                                                                                                        ; --                 ; EthernetSystem_rsp_xbar_mux                                 ; --               ;
; IP_TOOL_ENV                             ; Qsys                                                                                                        ; --                 ; EthernetSystem_rsp_xbar_mux_001                             ; --               ;
; IP_TOOL_ENV                             ; Qsys                                                                                                        ; --                 ; EthernetSystem_rsp_xbar_mux_008                             ; --               ;
; IP_TOOL_ENV                             ; Qsys                                                                                                        ; --                 ; EthernetSystem_sgdma_rx                                     ; --               ;
; IP_TOOL_ENV                             ; Qsys                                                                                                        ; --                 ; EthernetSystem_sgdma_tx                                     ; --               ;
; IP_TOOL_ENV                             ; Qsys                                                                                                        ; --                 ; EthernetSystem_sys_clk_timer                                ; --               ;
; IP_TOOL_ENV                             ; Qsys                                                                                                        ; --                 ; EthernetSystem_sysid                                        ; --               ;
; IP_TOOL_ENV                             ; Qsys                                                                                                        ; --                 ; EthernetSystem_tse_mac                                      ; --               ;
; IP_TOOL_ENV                             ; Qsys                                                                                                        ; --                 ; altera_avalon_mm_bridge                                     ; --               ;
; IP_TOOL_ENV                             ; Qsys                                                                                                        ; --                 ; altera_avalon_sc_fifo                                       ; --               ;
; IP_TOOL_ENV                             ; Qsys                                                                                                        ; --                 ; altera_eth_tse_mac                                          ; --               ;
; IP_TOOL_ENV                             ; Qsys                                                                                                        ; --                 ; altera_merlin_burst_adapter                                 ; --               ;
; IP_TOOL_ENV                             ; Qsys                                                                                                        ; --                 ; altera_merlin_master_agent                                  ; --               ;
; IP_TOOL_ENV                             ; Qsys                                                                                                        ; --                 ; altera_merlin_master_translator                             ; --               ;
; IP_TOOL_ENV                             ; Qsys                                                                                                        ; --                 ; altera_merlin_slave_agent                                   ; --               ;
; IP_TOOL_ENV                             ; Qsys                                                                                                        ; --                 ; altera_merlin_slave_translator                              ; --               ;
; IP_TOOL_ENV                             ; Qsys                                                                                                        ; --                 ; altera_merlin_traffic_limiter                               ; --               ;
; IP_TOOL_ENV                             ; Qsys                                                                                                        ; --                 ; altera_merlin_width_adapter                                 ; --               ;
; IP_TOOL_ENV                             ; Qsys                                                                                                        ; --                 ; altera_reset_controller                                     ; --               ;
; IP_TOOL_ENV                             ; Qsys                                                                                                        ; --                 ; altera_tristate_controller_aggregator                       ; --               ;
; IP_TOOL_ENV                             ; Qsys                                                                                                        ; --                 ; altera_tristate_controller_translator                       ; --               ;
; IP_TOOL_NAME                            ; ALTPLL                                                                                                      ; --                 ; --                                                          ; --               ;
; IP_TOOL_NAME                            ; FIFO                                                                                                        ; --                 ; --                                                          ; --               ;
; IP_TOOL_NAME                            ; FIFO                                                                                                        ; --                 ; --                                                          ; --               ;
; IP_TOOL_NAME                            ; 8B10B Encoder-Decoder                                                                                       ; --                 ; --                                                          ; --               ;
; IP_TOOL_NAME                            ; ALTDDIO_IN                                                                                                  ; --                 ; --                                                          ; --               ;
; IP_TOOL_NAME                            ; Qsys                                                                                                        ; --                 ; EthernetSystem                                              ; --               ;
; IP_TOOL_NAME                            ; altera_merlin_router                                                                                        ; --                 ; EthernetSystem_addr_router                                  ; --               ;
; IP_TOOL_NAME                            ; altera_merlin_router                                                                                        ; --                 ; EthernetSystem_addr_router_001                              ; --               ;
; IP_TOOL_NAME                            ; altera_merlin_router                                                                                        ; --                 ; EthernetSystem_addr_router_002                              ; --               ;
; IP_TOOL_NAME                            ; altera_merlin_router                                                                                        ; --                 ; EthernetSystem_addr_router_006                              ; --               ;
; IP_TOOL_NAME                            ; altera_merlin_router                                                                                        ; --                 ; EthernetSystem_addr_router_008                              ; --               ;
; IP_TOOL_NAME                            ; altera_avalon_st_adapter                                                                                    ; --                 ; EthernetSystem_avalon_st_adapter                            ; --               ;
; IP_TOOL_NAME                            ; timing_adapter                                                                                              ; --                 ; EthernetSystem_avalon_st_adapter_timing_adapter_0           ; --               ;
; IP_TOOL_NAME                            ; altera_avalon_pio                                                                                           ; --                 ; EthernetSystem_button_pio                                   ; --               ;
; IP_TOOL_NAME                            ; altera_merlin_demultiplexer                                                                                 ; --                 ; EthernetSystem_cmd_xbar_demux                               ; --               ;
; IP_TOOL_NAME                            ; altera_merlin_demultiplexer                                                                                 ; --                 ; EthernetSystem_cmd_xbar_demux_001                           ; --               ;
; IP_TOOL_NAME                            ; altera_merlin_demultiplexer                                                                                 ; --                 ; EthernetSystem_cmd_xbar_demux_002                           ; --               ;
; IP_TOOL_NAME                            ; altera_merlin_demultiplexer                                                                                 ; --                 ; EthernetSystem_cmd_xbar_demux_008                           ; --               ;
; IP_TOOL_NAME                            ; altera_merlin_multiplexer                                                                                   ; --                 ; EthernetSystem_cmd_xbar_mux                                 ; --               ;
; IP_TOOL_NAME                            ; altera_merlin_multiplexer                                                                                   ; --                 ; EthernetSystem_cmd_xbar_mux_003                             ; --               ;
; IP_TOOL_NAME                            ; altera_merlin_multiplexer                                                                                   ; --                 ; EthernetSystem_cmd_xbar_mux_004                             ; --               ;
; IP_TOOL_NAME                            ; altera_nios2_qsys                                                                                           ; --                 ; EthernetSystem_cpu                                          ; --               ;
; IP_TOOL_NAME                            ; altera_avalon_onchip_memory2                                                                                ; --                 ; EthernetSystem_descriptor_memory                            ; --               ;
; IP_TOOL_NAME                            ; altera_generic_tristate_controller                                                                          ; --                 ; EthernetSystem_ext_flash                                    ; --               ;
; IP_TOOL_NAME                            ; altera_tristate_conduit_bridge                                                                              ; --                 ; EthernetSystem_flash_tristate_bridge_bridge_0               ; --               ;
; IP_TOOL_NAME                            ; altera_tristate_conduit_pin_sharer                                                                          ; --                 ; EthernetSystem_flash_tristate_bridge_pinSharer_0            ; --               ;
; IP_TOOL_NAME                            ; altera_merlin_std_arbitrator                                                                                ; --                 ; EthernetSystem_flash_tristate_bridge_pinSharer_0_arbiter    ; --               ;
; IP_TOOL_NAME                            ; altera_tristate_conduit_pin_sharer_core                                                                     ; --                 ; EthernetSystem_flash_tristate_bridge_pinSharer_0_pin_sharer ; --               ;
; IP_TOOL_NAME                            ; altera_avalon_timer                                                                                         ; --                 ; EthernetSystem_high_res_timer                               ; --               ;
; IP_TOOL_NAME                            ; altera_merlin_router                                                                                        ; --                 ; EthernetSystem_id_router                                    ; --               ;
; IP_TOOL_NAME                            ; altera_merlin_router                                                                                        ; --                 ; EthernetSystem_id_router_001                                ; --               ;
; IP_TOOL_NAME                            ; altera_merlin_router                                                                                        ; --                 ; EthernetSystem_id_router_003                                ; --               ;
; IP_TOOL_NAME                            ; altera_merlin_router                                                                                        ; --                 ; EthernetSystem_id_router_004                                ; --               ;
; IP_TOOL_NAME                            ; altera_merlin_router                                                                                        ; --                 ; EthernetSystem_id_router_005                                ; --               ;
; IP_TOOL_NAME                            ; altera_merlin_router                                                                                        ; --                 ; EthernetSystem_id_router_010                                ; --               ;
; IP_TOOL_NAME                            ; altera_irq_mapper                                                                                           ; --                 ; EthernetSystem_irq_mapper                                   ; --               ;
; IP_TOOL_NAME                            ; altera_avalon_jtag_uart                                                                                     ; --                 ; EthernetSystem_jtag_uart                                    ; --               ;
; IP_TOOL_NAME                            ; altera_avalon_lcd_16207                                                                                     ; --                 ; EthernetSystem_lcd                                          ; --               ;
; IP_TOOL_NAME                            ; altera_avalon_pio                                                                                           ; --                 ; EthernetSystem_led_pio                                      ; --               ;
; IP_TOOL_NAME                            ; altera_generic_tristate_controller                                                                          ; --                 ; EthernetSystem_maxII_interface                              ; --               ;
; IP_TOOL_NAME                            ; altera_avalon_onchip_memory2                                                                                ; --                 ; EthernetSystem_onchip_SRAM                                  ; --               ;
; IP_TOOL_NAME                            ; altera_avalon_performance_counter                                                                           ; --                 ; EthernetSystem_performance_counter                          ; --               ;
; IP_TOOL_NAME                            ; altera_merlin_demultiplexer                                                                                 ; --                 ; EthernetSystem_rsp_xbar_demux                               ; --               ;
; IP_TOOL_NAME                            ; altera_merlin_demultiplexer                                                                                 ; --                 ; EthernetSystem_rsp_xbar_demux_003                           ; --               ;
; IP_TOOL_NAME                            ; altera_merlin_demultiplexer                                                                                 ; --                 ; EthernetSystem_rsp_xbar_demux_004                           ; --               ;
; IP_TOOL_NAME                            ; altera_merlin_demultiplexer                                                                                 ; --                 ; EthernetSystem_rsp_xbar_demux_010                           ; --               ;
; IP_TOOL_NAME                            ; altera_merlin_multiplexer                                                                                   ; --                 ; EthernetSystem_rsp_xbar_mux                                 ; --               ;
; IP_TOOL_NAME                            ; altera_merlin_multiplexer                                                                                   ; --                 ; EthernetSystem_rsp_xbar_mux_001                             ; --               ;
; IP_TOOL_NAME                            ; altera_merlin_multiplexer                                                                                   ; --                 ; EthernetSystem_rsp_xbar_mux_008                             ; --               ;
; IP_TOOL_NAME                            ; altera_avalon_sgdma                                                                                         ; --                 ; EthernetSystem_sgdma_rx                                     ; --               ;
; IP_TOOL_NAME                            ; altera_avalon_sgdma                                                                                         ; --                 ; EthernetSystem_sgdma_tx                                     ; --               ;
; IP_TOOL_NAME                            ; altera_avalon_timer                                                                                         ; --                 ; EthernetSystem_sys_clk_timer                                ; --               ;
; IP_TOOL_NAME                            ; altera_avalon_sysid_qsys                                                                                    ; --                 ; EthernetSystem_sysid                                        ; --               ;
; IP_TOOL_NAME                            ; altera_eth_tse                                                                                              ; --                 ; EthernetSystem_tse_mac                                      ; --               ;
; IP_TOOL_NAME                            ; altera_avalon_mm_bridge                                                                                     ; --                 ; altera_avalon_mm_bridge                                     ; --               ;
; IP_TOOL_NAME                            ; altera_avalon_sc_fifo                                                                                       ; --                 ; altera_avalon_sc_fifo                                       ; --               ;
; IP_TOOL_NAME                            ; altera_eth_tse_mac                                                                                          ; --                 ; altera_eth_tse_mac                                          ; --               ;
; IP_TOOL_NAME                            ; altera_merlin_burst_adapter                                                                                 ; --                 ; altera_merlin_burst_adapter                                 ; --               ;
; IP_TOOL_NAME                            ; altera_merlin_master_agent                                                                                  ; --                 ; altera_merlin_master_agent                                  ; --               ;
; IP_TOOL_NAME                            ; altera_merlin_master_translator                                                                             ; --                 ; altera_merlin_master_translator                             ; --               ;
; IP_TOOL_NAME                            ; altera_merlin_slave_agent                                                                                   ; --                 ; altera_merlin_slave_agent                                   ; --               ;
; IP_TOOL_NAME                            ; altera_merlin_slave_translator                                                                              ; --                 ; altera_merlin_slave_translator                              ; --               ;
; IP_TOOL_NAME                            ; altera_merlin_traffic_limiter                                                                               ; --                 ; altera_merlin_traffic_limiter                               ; --               ;
; IP_TOOL_NAME                            ; altera_merlin_width_adapter                                                                                 ; --                 ; altera_merlin_width_adapter                                 ; --               ;
; IP_TOOL_NAME                            ; altera_reset_controller                                                                                     ; --                 ; altera_reset_controller                                     ; --               ;
; IP_TOOL_NAME                            ; altera_tristate_controller_aggregator                                                                       ; --                 ; altera_tristate_controller_aggregator                       ; --               ;
; IP_TOOL_NAME                            ; altera_tristate_controller_translator                                                                       ; --                 ; altera_tristate_controller_translator                       ; --               ;
; IP_TOOL_VERSION                         ; 13.0                                                                                                        ; --                 ; --                                                          ; --               ;
; IP_TOOL_VERSION                         ; 13.0                                                                                                        ; --                 ; --                                                          ; --               ;
; IP_TOOL_VERSION                         ; 13.0                                                                                                        ; --                 ; --                                                          ; --               ;
; IP_TOOL_VERSION                         ; 13.0                                                                                                        ; --                 ; --                                                          ; --               ;
; IP_TOOL_VERSION                         ; 13.0                                                                                                        ; --                 ; --                                                          ; --               ;
; IP_TOOL_VERSION                         ; 13.0sp1                                                                                                     ; --                 ; EthernetSystem                                              ; --               ;
; IP_TOOL_VERSION                         ; 13.0                                                                                                        ; --                 ; EthernetSystem_addr_router                                  ; --               ;
; IP_TOOL_VERSION                         ; 13.0                                                                                                        ; --                 ; EthernetSystem_addr_router_001                              ; --               ;
; IP_TOOL_VERSION                         ; 13.0                                                                                                        ; --                 ; EthernetSystem_addr_router_002                              ; --               ;
; IP_TOOL_VERSION                         ; 13.0                                                                                                        ; --                 ; EthernetSystem_addr_router_006                              ; --               ;
; IP_TOOL_VERSION                         ; 13.0                                                                                                        ; --                 ; EthernetSystem_addr_router_008                              ; --               ;
; IP_TOOL_VERSION                         ; 13.0                                                                                                        ; --                 ; EthernetSystem_avalon_st_adapter                            ; --               ;
; IP_TOOL_VERSION                         ; 13.0                                                                                                        ; --                 ; EthernetSystem_avalon_st_adapter_timing_adapter_0           ; --               ;
; IP_TOOL_VERSION                         ; 13.0.1.99.2                                                                                                 ; --                 ; EthernetSystem_button_pio                                   ; --               ;
; IP_TOOL_VERSION                         ; 13.0                                                                                                        ; --                 ; EthernetSystem_cmd_xbar_demux                               ; --               ;
; IP_TOOL_VERSION                         ; 13.0                                                                                                        ; --                 ; EthernetSystem_cmd_xbar_demux_001                           ; --               ;
; IP_TOOL_VERSION                         ; 13.0                                                                                                        ; --                 ; EthernetSystem_cmd_xbar_demux_002                           ; --               ;
; IP_TOOL_VERSION                         ; 13.0                                                                                                        ; --                 ; EthernetSystem_cmd_xbar_demux_008                           ; --               ;
; IP_TOOL_VERSION                         ; 13.0                                                                                                        ; --                 ; EthernetSystem_cmd_xbar_mux                                 ; --               ;
; IP_TOOL_VERSION                         ; 13.0                                                                                                        ; --                 ; EthernetSystem_cmd_xbar_mux_003                             ; --               ;
; IP_TOOL_VERSION                         ; 13.0                                                                                                        ; --                 ; EthernetSystem_cmd_xbar_mux_004                             ; --               ;
; IP_TOOL_VERSION                         ; 13.0                                                                                                        ; --                 ; EthernetSystem_cpu                                          ; --               ;
; IP_TOOL_VERSION                         ; 13.0.1.99.2                                                                                                 ; --                 ; EthernetSystem_descriptor_memory                            ; --               ;
; IP_TOOL_VERSION                         ; 13.0                                                                                                        ; --                 ; EthernetSystem_ext_flash                                    ; --               ;
; IP_TOOL_VERSION                         ; 13.0                                                                                                        ; --                 ; EthernetSystem_flash_tristate_bridge_bridge_0               ; --               ;
; IP_TOOL_VERSION                         ; 13.0                                                                                                        ; --                 ; EthernetSystem_flash_tristate_bridge_pinSharer_0            ; --               ;
; IP_TOOL_VERSION                         ; 13.0                                                                                                        ; --                 ; EthernetSystem_flash_tristate_bridge_pinSharer_0_arbiter    ; --               ;
; IP_TOOL_VERSION                         ; 13.0                                                                                                        ; --                 ; EthernetSystem_flash_tristate_bridge_pinSharer_0_pin_sharer ; --               ;
; IP_TOOL_VERSION                         ; 13.0.1.99.2                                                                                                 ; --                 ; EthernetSystem_high_res_timer                               ; --               ;
; IP_TOOL_VERSION                         ; 13.0                                                                                                        ; --                 ; EthernetSystem_id_router                                    ; --               ;
; IP_TOOL_VERSION                         ; 13.0                                                                                                        ; --                 ; EthernetSystem_id_router_001                                ; --               ;
; IP_TOOL_VERSION                         ; 13.0                                                                                                        ; --                 ; EthernetSystem_id_router_003                                ; --               ;
; IP_TOOL_VERSION                         ; 13.0                                                                                                        ; --                 ; EthernetSystem_id_router_004                                ; --               ;
; IP_TOOL_VERSION                         ; 13.0                                                                                                        ; --                 ; EthernetSystem_id_router_005                                ; --               ;
; IP_TOOL_VERSION                         ; 13.0                                                                                                        ; --                 ; EthernetSystem_id_router_010                                ; --               ;
; IP_TOOL_VERSION                         ; 13.0                                                                                                        ; --                 ; EthernetSystem_irq_mapper                                   ; --               ;
; IP_TOOL_VERSION                         ; 13.0.1.99.2                                                                                                 ; --                 ; EthernetSystem_jtag_uart                                    ; --               ;
; IP_TOOL_VERSION                         ; 13.0.1.99.2                                                                                                 ; --                 ; EthernetSystem_lcd                                          ; --               ;
; IP_TOOL_VERSION                         ; 13.0.1.99.2                                                                                                 ; --                 ; EthernetSystem_led_pio                                      ; --               ;
; IP_TOOL_VERSION                         ; 13.0                                                                                                        ; --                 ; EthernetSystem_maxII_interface                              ; --               ;
; IP_TOOL_VERSION                         ; 13.0.1.99.2                                                                                                 ; --                 ; EthernetSystem_onchip_SRAM                                  ; --               ;
; IP_TOOL_VERSION                         ; 13.0.1.99.2                                                                                                 ; --                 ; EthernetSystem_performance_counter                          ; --               ;
; IP_TOOL_VERSION                         ; 13.0                                                                                                        ; --                 ; EthernetSystem_rsp_xbar_demux                               ; --               ;
; IP_TOOL_VERSION                         ; 13.0                                                                                                        ; --                 ; EthernetSystem_rsp_xbar_demux_003                           ; --               ;
; IP_TOOL_VERSION                         ; 13.0                                                                                                        ; --                 ; EthernetSystem_rsp_xbar_demux_004                           ; --               ;
; IP_TOOL_VERSION                         ; 13.0                                                                                                        ; --                 ; EthernetSystem_rsp_xbar_demux_010                           ; --               ;
; IP_TOOL_VERSION                         ; 13.0                                                                                                        ; --                 ; EthernetSystem_rsp_xbar_mux                                 ; --               ;
; IP_TOOL_VERSION                         ; 13.0                                                                                                        ; --                 ; EthernetSystem_rsp_xbar_mux_001                             ; --               ;
; IP_TOOL_VERSION                         ; 13.0                                                                                                        ; --                 ; EthernetSystem_rsp_xbar_mux_008                             ; --               ;
; IP_TOOL_VERSION                         ; 13.0.1.99.2                                                                                                 ; --                 ; EthernetSystem_sgdma_rx                                     ; --               ;
; IP_TOOL_VERSION                         ; 13.0.1.99.2                                                                                                 ; --                 ; EthernetSystem_sgdma_tx                                     ; --               ;
; IP_TOOL_VERSION                         ; 13.0.1.99.2                                                                                                 ; --                 ; EthernetSystem_sys_clk_timer                                ; --               ;
; IP_TOOL_VERSION                         ; 13.0                                                                                                        ; --                 ; EthernetSystem_sysid                                        ; --               ;
; IP_TOOL_VERSION                         ; 13.0                                                                                                        ; --                 ; EthernetSystem_tse_mac                                      ; --               ;
; IP_TOOL_VERSION                         ; 13.0                                                                                                        ; --                 ; altera_avalon_mm_bridge                                     ; --               ;
; IP_TOOL_VERSION                         ; 13.0                                                                                                        ; --                 ; altera_avalon_sc_fifo                                       ; --               ;
; IP_TOOL_VERSION                         ; 13.0                                                                                                        ; --                 ; altera_eth_tse_mac                                          ; --               ;
; IP_TOOL_VERSION                         ; 13.0                                                                                                        ; --                 ; altera_merlin_burst_adapter                                 ; --               ;
; IP_TOOL_VERSION                         ; 13.0                                                                                                        ; --                 ; altera_merlin_master_agent                                  ; --               ;
; IP_TOOL_VERSION                         ; 13.0                                                                                                        ; --                 ; altera_merlin_master_translator                             ; --               ;
; IP_TOOL_VERSION                         ; 13.0                                                                                                        ; --                 ; altera_merlin_slave_agent                                   ; --               ;
; IP_TOOL_VERSION                         ; 13.0                                                                                                        ; --                 ; altera_merlin_slave_translator                              ; --               ;
; IP_TOOL_VERSION                         ; 13.0                                                                                                        ; --                 ; altera_merlin_traffic_limiter                               ; --               ;
; IP_TOOL_VERSION                         ; 13.0                                                                                                        ; --                 ; altera_merlin_width_adapter                                 ; --               ;
; IP_TOOL_VERSION                         ; 13.0                                                                                                        ; --                 ; altera_reset_controller                                     ; --               ;
; IP_TOOL_VERSION                         ; 13.0                                                                                                        ; --                 ; altera_tristate_controller_aggregator                       ; --               ;
; IP_TOOL_VERSION                         ; 13.0                                                                                                        ; --                 ; altera_tristate_controller_translator                       ; --               ;
; MAX_CORE_JUNCTION_TEMP                  ; 85                                                                                                          ; --                 ; --                                                          ; --               ;
; MIN_CORE_JUNCTION_TEMP                  ; 0                                                                                                           ; --                 ; --                                                          ; --               ;
; MISC_FILE                               ; EthernetSystem/synthesis/../../EthernetSystem.cmp                                                           ; --                 ; --                                                          ; --               ;
; MISC_FILE                               ; EthernetSystem/synthesis/../../EthernetSystem.qsys                                                          ; --                 ; --                                                          ; --               ;
; MISC_FILE                               ; TofPetPll_bb.v                                                                                              ; --                 ; --                                                          ; --               ;
; MISC_FILE                               ; TofPetPll.ppf                                                                                               ; --                 ; --                                                          ; --               ;
; MISC_FILE                               ; CtrlFifo_32x32_bb.v                                                                                         ; --                 ; --                                                          ; --               ;
; MISC_FILE                               ; DataFifo_2048x32_bb.v                                                                                       ; --                 ; --                                                          ; --               ;
; MISC_FILE                               ; dec_8b_10b_tb.v                                                                                             ; --                 ; --                                                          ; --               ;
; MISC_FILE                               ; dec_8b_10b_run_modelsim.tcl                                                                                 ; --                 ; --                                                          ; --               ;
; MISC_FILE                               ; dec_8b_10b_constraints.tcl                                                                                  ; --                 ; --                                                          ; --               ;
; MISC_FILE                               ; dec_8b_10b_dec8b10b.v                                                                                       ; --                 ; --                                                          ; --               ;
; MISC_FILE                               ; dec_8b_10b.v                                                                                                ; --                 ; --                                                          ; --               ;
; MISC_FILE                               ; dec_8b_10b_bb.v                                                                                             ; --                 ; --                                                          ; --               ;
; MISC_FILE                               ; dec_8b_10b.bsf                                                                                              ; --                 ; --                                                          ; --               ;
; MISC_FILE                               ; dec_8b_10b.vo                                                                                               ; --                 ; --                                                          ; --               ;
; MISC_FILE                               ; dec_8b_10b.qip                                                                                              ; --                 ; --                                                          ; --               ;
; MISC_FILE                               ; dec_8b_10b.html                                                                                             ; --                 ; --                                                          ; --               ;
; MISC_FILE                               ; Ddr_In.bsf                                                                                                  ; --                 ; --                                                          ; --               ;
; MISC_FILE                               ; Ddr_In_inst.v                                                                                               ; --                 ; --                                                          ; --               ;
; MISC_FILE                               ; Ddr_In_bb.v                                                                                                 ; --                 ; --                                                          ; --               ;
; MISC_FILE                               ; Ddr_In.inc                                                                                                  ; --                 ; --                                                          ; --               ;
; MISC_FILE                               ; Ddr_In.cmp                                                                                                  ; --                 ; --                                                          ; --               ;
; MISC_FILE                               ; Ddr_In.ppf                                                                                                  ; --                 ; --                                                          ; --               ;
; OPTIMIZATION_TECHNIQUE                  ; Speed                                                                                                       ; Balanced           ; --                                                          ; --               ;
; OPTIMIZE_POWER_DURING_FITTING           ; Off                                                                                                         ; Normal compilation ; --                                                          ; --               ;
; OPTIMIZE_POWER_DURING_SYNTHESIS         ; Off                                                                                                         ; Normal compilation ; --                                                          ; --               ;
; OUTPUT_IO_TIMING_FAR_END_VMEAS          ; Half Signal Swing                                                                                           ; --                 ; --                                                          ; --               ;
; OUTPUT_IO_TIMING_FAR_END_VMEAS          ; Half Signal Swing                                                                                           ; --                 ; --                                                          ; --               ;
; OUTPUT_IO_TIMING_NEAR_END_VMEAS         ; Half Vccio                                                                                                  ; --                 ; --                                                          ; --               ;
; OUTPUT_IO_TIMING_NEAR_END_VMEAS         ; Half Vccio                                                                                                  ; --                 ; --                                                          ; --               ;
; PARTITION_COLOR                         ; 16764057                                                                                                    ; --                 ; --                                                          ; Top              ;
; PARTITION_FITTER_PRESERVATION_LEVEL     ; PLACEMENT_AND_ROUTING                                                                                       ; --                 ; --                                                          ; Top              ;
; PARTITION_NETLIST_TYPE                  ; SOURCE                                                                                                      ; --                 ; --                                                          ; Top              ;
; PHYSICAL_SYNTHESIS_COMBO_LOGIC          ; On                                                                                                          ; Off                ; --                                                          ; --               ;
; PHYSICAL_SYNTHESIS_COMBO_LOGIC_FOR_AREA ; On                                                                                                          ; Off                ; --                                                          ; --               ;
; PHYSICAL_SYNTHESIS_REGISTER_DUPLICATION ; On                                                                                                          ; Off                ; --                                                          ; --               ;
; PHYSICAL_SYNTHESIS_REGISTER_RETIMING    ; On                                                                                                          ; Off                ; --                                                          ; --               ;
; POWER_BOARD_THERMAL_MODEL               ; None (CONSERVATIVE)                                                                                         ; --                 ; --                                                          ; --               ;
; POWER_HSSI                              ; Opportunistically power off                                                                                 ; --                 ; --                                                          ; --               ;
; POWER_PRESET_COOLING_SOLUTION           ; 23 MM HEAT SINK WITH 200 LFPM AIRFLOW                                                                       ; --                 ; --                                                          ; --               ;
; PROJECT_OUTPUT_DIRECTORY                ; output_files                                                                                                ; --                 ; --                                                          ; --               ;
; SEARCH_PATH                             ; .                                                                                                           ; --                 ; --                                                          ; --               ;
; SLD_FILE                                ; C:/Users/musico/Documents/INFN/TOPEM/EndoProbe/AlteraDevelBoards/DK-DEV-A2GX125N_Eth/stp1_auto_stripped.stp ; --                 ; --                                                          ; --               ;
; SLD_INFO                                ; QSYS_NAME EthernetSystem HAS_SOPCINFO 1 GENERATION_ID 1397546405                                            ; --                 ; EthernetSystem                                              ; --               ;
; SLD_NODE_CREATOR_ID                     ; 110                                                                                                         ; --                 ; --                                                          ; auto_signaltap_0 ;
; SLD_NODE_ENTITY_NAME                    ; sld_signaltap                                                                                               ; --                 ; --                                                          ; auto_signaltap_0 ;
; SLD_NODE_PARAMETER_ASSIGNMENT           ; SLD_RAM_BLOCK_TYPE=M9K                                                                                      ; --                 ; --                                                          ; auto_signaltap_0 ;
; SLD_NODE_PARAMETER_ASSIGNMENT           ; SLD_DATA_BITS=5                                                                                             ; --                 ; --                                                          ; auto_signaltap_0 ;
; SLD_NODE_PARAMETER_ASSIGNMENT           ; SLD_TRIGGER_BITS=5                                                                                          ; --                 ; --                                                          ; auto_signaltap_0 ;
; SLD_NODE_PARAMETER_ASSIGNMENT           ; SLD_NODE_INFO=805334528                                                                                     ; --                 ; --                                                          ; auto_signaltap_0 ;
; SLD_NODE_PARAMETER_ASSIGNMENT           ; SLD_POWER_UP_TRIGGER=0                                                                                      ; --                 ; --                                                          ; auto_signaltap_0 ;
; SLD_NODE_PARAMETER_ASSIGNMENT           ; SLD_INVERSION_MASK=0000000000000000000000000000000000000000                                                 ; --                 ; --                                                          ; auto_signaltap_0 ;
; SLD_NODE_PARAMETER_ASSIGNMENT           ; SLD_INVERSION_MASK_LENGTH=40                                                                                ; --                 ; --                                                          ; auto_signaltap_0 ;
; SLD_NODE_PARAMETER_ASSIGNMENT           ; SLD_STORAGE_QUALIFIER_INVERSION_MASK_LENGTH=0                                                               ; --                 ; --                                                          ; auto_signaltap_0 ;
; SLD_NODE_PARAMETER_ASSIGNMENT           ; SLD_SEGMENT_SIZE=2048                                                                                       ; --                 ; --                                                          ; auto_signaltap_0 ;
; SLD_NODE_PARAMETER_ASSIGNMENT           ; SLD_ATTRIBUTE_MEM_MODE=OFF                                                                                  ; --                 ; --                                                          ; auto_signaltap_0 ;
; SLD_NODE_PARAMETER_ASSIGNMENT           ; SLD_STATE_FLOW_USE_GENERATED=0                                                                              ; --                 ; --                                                          ; auto_signaltap_0 ;
; SLD_NODE_PARAMETER_ASSIGNMENT           ; SLD_STATE_BITS=11                                                                                           ; --                 ; --                                                          ; auto_signaltap_0 ;
; SLD_NODE_PARAMETER_ASSIGNMENT           ; SLD_BUFFER_FULL_STOP=1                                                                                      ; --                 ; --                                                          ; auto_signaltap_0 ;
; SLD_NODE_PARAMETER_ASSIGNMENT           ; SLD_CURRENT_RESOURCE_WIDTH=1                                                                                ; --                 ; --                                                          ; auto_signaltap_0 ;
; SLD_NODE_PARAMETER_ASSIGNMENT           ; SLD_NODE_CRC_LOWORD=35029                                                                                   ; --                 ; --                                                          ; auto_signaltap_0 ;
; SLD_NODE_PARAMETER_ASSIGNMENT           ; SLD_NODE_CRC_HIWORD=43149                                                                                   ; --                 ; --                                                          ; auto_signaltap_0 ;
; SLD_NODE_PARAMETER_ASSIGNMENT           ; SLD_TRIGGER_LEVEL=1                                                                                         ; --                 ; --                                                          ; auto_signaltap_0 ;
; SLD_NODE_PARAMETER_ASSIGNMENT           ; SLD_SAMPLE_DEPTH=2048                                                                                       ; --                 ; --                                                          ; auto_signaltap_0 ;
; SLD_NODE_PARAMETER_ASSIGNMENT           ; SLD_TRIGGER_IN_ENABLED=0                                                                                    ; --                 ; --                                                          ; auto_signaltap_0 ;
; SLD_NODE_PARAMETER_ASSIGNMENT           ; SLD_ADVANCED_TRIGGER_ENTITY=basic,1,                                                                        ; --                 ; --                                                          ; auto_signaltap_0 ;
; SLD_NODE_PARAMETER_ASSIGNMENT           ; SLD_TRIGGER_LEVEL_PIPELINE=1                                                                                ; --                 ; --                                                          ; auto_signaltap_0 ;
; SLD_NODE_PARAMETER_ASSIGNMENT           ; SLD_ENABLE_ADVANCED_TRIGGER=0                                                                               ; --                 ; --                                                          ; auto_signaltap_0 ;
; SMART_RECOMPILE                         ; On                                                                                                          ; Off                ; --                                                          ; --               ;
; SOPCINFO_FILE                           ; EthernetSystem/synthesis/../../EthernetSystem.sopcinfo                                                      ; --                 ; --                                                          ; --               ;
; SYNTHESIS_ONLY_QIP                      ; On                                                                                                          ; --                 ; --                                                          ; --               ;
; USE_SIGNALTAP_FILE                      ; stp1.stp                                                                                                    ; --                 ; --                                                          ; --               ;
+-----------------------------------------+-------------------------------------------------------------------------------------------------------------+--------------------+-------------------------------------------------------------+------------------+


+-------------------------------------------------------------------------------------------------------------------------------+
; Flow Elapsed Time                                                                                                             ;
+---------------------------+--------------+-------------------------+---------------------+------------------------------------+
; Module Name               ; Elapsed Time ; Average Processors Used ; Peak Virtual Memory ; Total CPU Time (on all processors) ;
+---------------------------+--------------+-------------------------+---------------------+------------------------------------+
; Analysis & Synthesis      ; 00:02:17     ; 1.0                     ; 1101 MB             ; 00:02:16                           ;
; Analysis & Synthesis      ; 00:02:38     ; 2.5                     ; 977 MB              ; 00:02:59                           ;
; Partition Merge           ; 00:00:06     ; 1.0                     ; 600 MB              ; 00:00:07                           ;
; Fitter                    ; 00:07:47     ; 1.7                     ; 1952 MB             ; 00:09:34                           ;
; Assembler                 ; 00:00:15     ; 1.0                     ; 642 MB              ; 00:00:15                           ;
; TimeQuest Timing Analyzer ; 00:00:29     ; 1.2                     ; 1040 MB             ; 00:00:36                           ;
; Analysis & Synthesis      ; 00:02:22     ; 2.5                     ; 1001 MB             ; 00:02:33                           ;
; Partition Merge           ; 00:00:06     ; 1.0                     ; 578 MB              ; 00:00:05                           ;
; Fitter                    ; 00:03:46     ; 1.1                     ; 1502 MB             ; 00:03:55                           ;
; Analysis & Synthesis      ; 00:02:30     ; 1.7                     ; 1012 MB             ; 00:02:34                           ;
; Partition Merge           ; 00:00:06     ; 1.0                     ; 582 MB              ; 00:00:06                           ;
; Fitter                    ; 00:06:51     ; 1.6                     ; 1936 MB             ; 00:09:23                           ;
; Assembler                 ; 00:00:17     ; 1.0                     ; 707 MB              ; 00:00:17                           ;
; TimeQuest Timing Analyzer ; 00:00:26     ; 1.1                     ; 1045 MB             ; 00:00:31                           ;
; Analysis & Synthesis      ; 00:02:23     ; 3.2                     ; 993 MB              ; 00:02:49                           ;
; Partition Merge           ; 00:00:05     ; 1.0                     ; 586 MB              ; 00:00:05                           ;
; Fitter                    ; 00:06:51     ; 1.5                     ; 1954 MB             ; 00:09:06                           ;
; Assembler                 ; 00:00:16     ; 1.0                     ; 707 MB              ; 00:00:16                           ;
; TimeQuest Timing Analyzer ; 00:00:26     ; 1.3                     ; 1049 MB             ; 00:00:32                           ;
; Analysis & Synthesis      ; 00:02:21     ; 1.7                     ; 998 MB              ; 00:02:25                           ;
; Partition Merge           ; 00:00:05     ; 1.0                     ; 580 MB              ; 00:00:05                           ;
; Fitter                    ; 00:06:26     ; 1.5                     ; 1931 MB             ; 00:08:44                           ;
; Assembler                 ; 00:00:18     ; 1.0                     ; 709 MB              ; 00:00:17                           ;
; TimeQuest Timing Analyzer ; 00:00:34     ; 1.1                     ; 1031 MB             ; 00:00:42                           ;
; Total                     ; 00:49:41     ; --                      ; --                  ; 01:00:12                           ;
+---------------------------+--------------+-------------------------+---------------------+------------------------------------+


+----------------------------------------------------------------------------------------+
; Flow OS Summary                                                                        ;
+---------------------------+------------------+-----------+------------+----------------+
; Module Name               ; Machine Hostname ; OS Name   ; OS Version ; Processor type ;
+---------------------------+------------------+-----------+------------+----------------+
; Analysis & Synthesis      ; nbmusico         ; Windows 7 ; 6.1        ; x86_64         ;
; Analysis & Synthesis      ; nbmusico         ; Windows 7 ; 6.1        ; x86_64         ;
; Partition Merge           ; nbmusico         ; Windows 7 ; 6.1        ; x86_64         ;
; Fitter                    ; nbmusico         ; Windows 7 ; 6.1        ; x86_64         ;
; Assembler                 ; nbmusico         ; Windows 7 ; 6.1        ; x86_64         ;
; TimeQuest Timing Analyzer ; nbmusico         ; Windows 7 ; 6.1        ; x86_64         ;
; Analysis & Synthesis      ; nbmusico         ; Windows 7 ; 6.1        ; x86_64         ;
; Partition Merge           ; nbmusico         ; Windows 7 ; 6.1        ; x86_64         ;
; Fitter                    ; nbmusico         ; Windows 7 ; 6.1        ; x86_64         ;
; Analysis & Synthesis      ; nbmusico         ; Windows 7 ; 6.1        ; x86_64         ;
; Partition Merge           ; nbmusico         ; Windows 7 ; 6.1        ; x86_64         ;
; Fitter                    ; nbmusico         ; Windows 7 ; 6.1        ; x86_64         ;
; Assembler                 ; nbmusico         ; Windows 7 ; 6.1        ; x86_64         ;
; TimeQuest Timing Analyzer ; nbmusico         ; Windows 7 ; 6.1        ; x86_64         ;
; Analysis & Synthesis      ; nbmusico         ; Windows 7 ; 6.1        ; x86_64         ;
; Partition Merge           ; nbmusico         ; Windows 7 ; 6.1        ; x86_64         ;
; Fitter                    ; nbmusico         ; Windows 7 ; 6.1        ; x86_64         ;
; Assembler                 ; nbmusico         ; Windows 7 ; 6.1        ; x86_64         ;
; TimeQuest Timing Analyzer ; nbmusico         ; Windows 7 ; 6.1        ; x86_64         ;
; Analysis & Synthesis      ; nbmusico         ; Windows 7 ; 6.1        ; x86_64         ;
; Partition Merge           ; nbmusico         ; Windows 7 ; 6.1        ; x86_64         ;
; Fitter                    ; nbmusico         ; Windows 7 ; 6.1        ; x86_64         ;
; Assembler                 ; nbmusico         ; Windows 7 ; 6.1        ; x86_64         ;
; TimeQuest Timing Analyzer ; nbmusico         ; Windows 7 ; 6.1        ; x86_64         ;
+---------------------------+------------------+-----------+------------+----------------+


------------
; Flow Log ;
------------
quartus_map --read_settings_files=on --write_settings_files=off EthernetBoard -c EthernetBoard
quartus_map --read_settings_files=on --write_settings_files=off EthernetBoard -c EthernetBoard
quartus_cdb --read_settings_files=off --write_settings_files=off EthernetBoard -c EthernetBoard --merge=on
quartus_fit --read_settings_files=off --write_settings_files=off EthernetBoard -c EthernetBoard
quartus_asm --read_settings_files=off --write_settings_files=off EthernetBoard -c EthernetBoard
quartus_sta EthernetBoard -c EthernetBoard
quartus_map --read_settings_files=on --write_settings_files=off EthernetBoard -c EthernetBoard
quartus_cdb --read_settings_files=off --write_settings_files=off EthernetBoard -c EthernetBoard --merge=on
quartus_fit --read_settings_files=off --write_settings_files=off EthernetBoard -c EthernetBoard
quartus_map --read_settings_files=on --write_settings_files=off EthernetBoard -c EthernetBoard
quartus_cdb --read_settings_files=off --write_settings_files=off EthernetBoard -c EthernetBoard --merge=on
quartus_fit --read_settings_files=off --write_settings_files=off EthernetBoard -c EthernetBoard
quartus_asm --read_settings_files=off --write_settings_files=off EthernetBoard -c EthernetBoard
quartus_sta EthernetBoard -c EthernetBoard
quartus_map --read_settings_files=on --write_settings_files=off EthernetBoard -c EthernetBoard
quartus_cdb --read_settings_files=off --write_settings_files=off EthernetBoard -c EthernetBoard --merge=on
quartus_fit --read_settings_files=off --write_settings_files=off EthernetBoard -c EthernetBoard
quartus_asm --read_settings_files=off --write_settings_files=off EthernetBoard -c EthernetBoard
quartus_sta EthernetBoard -c EthernetBoard
quartus_map --read_settings_files=on --write_settings_files=off EthernetBoard -c EthernetBoard
quartus_cdb --read_settings_files=off --write_settings_files=off EthernetBoard -c EthernetBoard --merge=on
quartus_fit --read_settings_files=off --write_settings_files=off EthernetBoard -c EthernetBoard
quartus_asm --read_settings_files=off --write_settings_files=off EthernetBoard -c EthernetBoard
quartus_sta EthernetBoard -c EthernetBoard



